<?xml version="1.0" encoding="UTF-8"?>
<!-- Generated by org.testng.reporters.JUnitXMLReporter -->
<testsuite ignored="0" hostname="LAPTOP-45D9BTF2" failures="0" tests="3" name="Test2" time="0.086" errors="0" timestamp="2023-12-16T13:21:33 IST">
  <testcase classname="com.actitime.testscript.CustomerModule" name="createCustomer" time="0.013"/>
  <testcase classname="com.actitime.testscript.CustomerModule" name="deleteCustomer" time="0.003"/>
  <testcase classname="com.actitime.testscript.CustomerModule" name="modifyCustomer" time="0.002"/>
</testsuite> <!-- Test2 -->
