<?xml version="1.0" encoding="UTF-8"?>
<!-- Generated by org.testng.reporters.JUnitXMLReporter -->
<testsuite ignored="2" hostname="LAPTOP-45D9BTF2" failures="0" tests="1" name="Test" time="0.065" errors="0" timestamp="2023-12-24T20:55:35 IST">
  <testcase classname="com.actitime.testscript.CustomerModule" name="deleteCustomer" time="0.018"/>
  <testcase classname="com.actitime.testscript.CustomerModule" name="createCustomer" time="0.0">
    <ignored/>
  </testcase> <!-- createCustomer -->
  <testcase classname="com.actitime.testscript.CustomerModule" name="modifyCustomer" time="0.0">
    <ignored/>
  </testcase> <!-- modifyCustomer -->
</testsuite> <!-- Test -->
